C:\USERS\APPLECHANG\DESKTOP\IPC_WIN_PIPE\SERVERPORT\CLIENTPORT\DEBUG\CHILD_PROCESS.OBJ
C:\USERS\APPLECHANG\DESKTOP\IPC_WIN_PIPE\SERVERPORT\CLIENTPORT\DEBUG\CHILD_THREAD.OBJ
C:\Users\applechang\Desktop\ipc_win_pipe\ServerPort\ClientPort\Debug\cl.command.1.tlog
C:\Users\applechang\Desktop\ipc_win_pipe\ServerPort\ClientPort\Debug\CL.read.1.tlog
C:\Users\applechang\Desktop\ipc_win_pipe\ServerPort\ClientPort\Debug\CL.write.1.tlog
C:\USERS\APPLECHANG\DESKTOP\IPC_WIN_PIPE\SERVERPORT\CLIENTPORT\DEBUG\CLIENT_THREAD_IMPL.OBJ
C:\USERS\APPLECHANG\DESKTOP\IPC_WIN_PIPE\SERVERPORT\CLIENTPORT\DEBUG\CLIENTPORT.EXE.EMBED.MANIFEST
C:\USERS\APPLECHANG\DESKTOP\IPC_WIN_PIPE\SERVERPORT\CLIENTPORT\DEBUG\CLIENTPORT.EXE.EMBED.MANIFEST.RES
C:\USERS\APPLECHANG\DESKTOP\IPC_WIN_PIPE\SERVERPORT\CLIENTPORT\DEBUG\CLIENTPORT.EXE.INTERMEDIATE.MANIFEST
C:\USERS\APPLECHANG\DESKTOP\IPC_WIN_PIPE\SERVERPORT\CLIENTPORT\DEBUG\CLIENTPORT.OBJ
C:\USERS\APPLECHANG\DESKTOP\IPC_WIN_PIPE\SERVERPORT\CLIENTPORT\DEBUG\CLIENTPORT.PCH
C:\USERS\APPLECHANG\DESKTOP\IPC_WIN_PIPE\SERVERPORT\CLIENTPORT\DEBUG\CLIENTPORT.RES
C:\Users\applechang\Desktop\ipc_win_pipe\ServerPort\ClientPort\Debug\ClientPort.vcxprojResolveAssemblyReference.cache
C:\Users\applechang\Desktop\ipc_win_pipe\ServerPort\ClientPort\Debug\ClientPort.write.1.tlog
C:\Users\applechang\Desktop\ipc_win_pipe\ServerPort\ClientPort\Debug\ClientPort_manifest.rc
C:\USERS\APPLECHANG\DESKTOP\IPC_WIN_PIPE\SERVERPORT\CLIENTPORT\DEBUG\CLIENTPORTDLG.OBJ
C:\Users\applechang\Desktop\ipc_win_pipe\ServerPort\ClientPort\Debug\link.19500.read.1.tlog
C:\Users\applechang\Desktop\ipc_win_pipe\ServerPort\ClientPort\Debug\link.19500.write.1.tlog
C:\Users\applechang\Desktop\ipc_win_pipe\ServerPort\ClientPort\Debug\link.19500-cvtres.read.1.tlog
C:\Users\applechang\Desktop\ipc_win_pipe\ServerPort\ClientPort\Debug\link.19500-cvtres.write.1.tlog
C:\Users\applechang\Desktop\ipc_win_pipe\ServerPort\ClientPort\Debug\link.command.1.tlog
C:\Users\applechang\Desktop\ipc_win_pipe\ServerPort\ClientPort\Debug\link.read.1.tlog
C:\Users\applechang\Desktop\ipc_win_pipe\ServerPort\ClientPort\Debug\link.write.1.tlog
C:\Users\applechang\Desktop\ipc_win_pipe\ServerPort\ClientPort\Debug\link-cvtres.read.1.tlog
C:\Users\applechang\Desktop\ipc_win_pipe\ServerPort\ClientPort\Debug\link-cvtres.write.1.tlog
C:\Users\applechang\Desktop\ipc_win_pipe\ServerPort\ClientPort\Debug\mt.command.1.tlog
C:\Users\applechang\Desktop\ipc_win_pipe\ServerPort\ClientPort\Debug\mt.read.1.tlog
C:\Users\applechang\Desktop\ipc_win_pipe\ServerPort\ClientPort\Debug\mt.write.1.tlog
C:\Users\applechang\Desktop\ipc_win_pipe\ServerPort\ClientPort\Debug\rc.command.1.tlog
C:\Users\applechang\Desktop\ipc_win_pipe\ServerPort\ClientPort\Debug\rc.read.1.tlog
C:\Users\applechang\Desktop\ipc_win_pipe\ServerPort\ClientPort\Debug\rc.write.1.tlog
C:\USERS\APPLECHANG\DESKTOP\IPC_WIN_PIPE\SERVERPORT\CLIENTPORT\DEBUG\STDAFX.OBJ
C:\USERS\APPLECHANG\DESKTOP\IPC_WIN_PIPE\SERVERPORT\CLIENTPORT\DEBUG\TEST_MESSAGES.OBJ
C:\Users\applechang\Desktop\ipc_win_pipe\ServerPort\ClientPort\Debug\vc100.idb
C:\USERS\APPLECHANG\DESKTOP\IPC_WIN_PIPE\SERVERPORT\CLIENTPORT\DEBUG\VC100.PDB
C:\USERS\APPLECHANG\DESKTOP\IPC_WIN_PIPE\SERVERPORT\DEBUG\CLIENTPORT.EXE
C:\USERS\APPLECHANG\DESKTOP\IPC_WIN_PIPE\SERVERPORT\DEBUG\CLIENTPORT.ILK
C:\USERS\APPLECHANG\DESKTOP\IPC_WIN_PIPE\SERVERPORT\DEBUG\CLIENTPORT.PDB
