C:\USERS\APPLECHANG\DESKTOP\IPC_WIN_PIPE\SERVERPORT\DEBUG\SERVERPORT.EXE
C:\USERS\APPLECHANG\DESKTOP\IPC_WIN_PIPE\SERVERPORT\DEBUG\SERVERPORT.ILK
C:\USERS\APPLECHANG\DESKTOP\IPC_WIN_PIPE\SERVERPORT\DEBUG\SERVERPORT.PDB
C:\USERS\APPLECHANG\DESKTOP\IPC_WIN_PIPE\SERVERPORT\SERVERPORT\DEBUG\BROWSER_PROCESS_SUB_THREAD.OBJ
C:\USERS\APPLECHANG\DESKTOP\IPC_WIN_PIPE\SERVERPORT\SERVERPORT\DEBUG\BROWSER_THREAD_IMPL.OBJ
C:\USERS\APPLECHANG\DESKTOP\IPC_WIN_PIPE\SERVERPORT\SERVERPORT\DEBUG\CHILD_PROCESS_LAUNCHER.OBJ
C:\Users\applechang\Desktop\ipc_win_pipe\ServerPort\ServerPort\Debug\cl.command.1.tlog
C:\Users\applechang\Desktop\ipc_win_pipe\ServerPort\ServerPort\Debug\CL.read.1.tlog
C:\Users\applechang\Desktop\ipc_win_pipe\ServerPort\ServerPort\Debug\CL.write.1.tlog
C:\Users\applechang\Desktop\ipc_win_pipe\ServerPort\ServerPort\Debug\link.38804.read.1.tlog
C:\Users\applechang\Desktop\ipc_win_pipe\ServerPort\ServerPort\Debug\link.38804.write.1.tlog
C:\Users\applechang\Desktop\ipc_win_pipe\ServerPort\ServerPort\Debug\link.38804-cvtres.read.1.tlog
C:\Users\applechang\Desktop\ipc_win_pipe\ServerPort\ServerPort\Debug\link.38804-cvtres.write.1.tlog
C:\Users\applechang\Desktop\ipc_win_pipe\ServerPort\ServerPort\Debug\link.9476.read.1.tlog
C:\Users\applechang\Desktop\ipc_win_pipe\ServerPort\ServerPort\Debug\link.9476.write.1.tlog
C:\Users\applechang\Desktop\ipc_win_pipe\ServerPort\ServerPort\Debug\link.9476-cvtres.read.1.tlog
C:\Users\applechang\Desktop\ipc_win_pipe\ServerPort\ServerPort\Debug\link.9476-cvtres.write.1.tlog
C:\Users\applechang\Desktop\ipc_win_pipe\ServerPort\ServerPort\Debug\link.command.1.tlog
C:\Users\applechang\Desktop\ipc_win_pipe\ServerPort\ServerPort\Debug\link.read.1.tlog
C:\Users\applechang\Desktop\ipc_win_pipe\ServerPort\ServerPort\Debug\link.write.1.tlog
C:\Users\applechang\Desktop\ipc_win_pipe\ServerPort\ServerPort\Debug\link-cvtres.read.1.tlog
C:\Users\applechang\Desktop\ipc_win_pipe\ServerPort\ServerPort\Debug\link-cvtres.write.1.tlog
C:\Users\applechang\Desktop\ipc_win_pipe\ServerPort\ServerPort\Debug\mt.command.1.tlog
C:\Users\applechang\Desktop\ipc_win_pipe\ServerPort\ServerPort\Debug\mt.read.1.tlog
C:\Users\applechang\Desktop\ipc_win_pipe\ServerPort\ServerPort\Debug\mt.write.1.tlog
C:\USERS\APPLECHANG\DESKTOP\IPC_WIN_PIPE\SERVERPORT\SERVERPORT\DEBUG\PROCESS_HOST_IMPL.OBJ
C:\Users\applechang\Desktop\ipc_win_pipe\ServerPort\ServerPort\Debug\rc.command.1.tlog
C:\Users\applechang\Desktop\ipc_win_pipe\ServerPort\ServerPort\Debug\rc.read.1.tlog
C:\Users\applechang\Desktop\ipc_win_pipe\ServerPort\ServerPort\Debug\rc.write.1.tlog
C:\USERS\APPLECHANG\DESKTOP\IPC_WIN_PIPE\SERVERPORT\SERVERPORT\DEBUG\SERVERPORT.EXE.EMBED.MANIFEST
C:\USERS\APPLECHANG\DESKTOP\IPC_WIN_PIPE\SERVERPORT\SERVERPORT\DEBUG\SERVERPORT.EXE.EMBED.MANIFEST.RES
C:\USERS\APPLECHANG\DESKTOP\IPC_WIN_PIPE\SERVERPORT\SERVERPORT\DEBUG\SERVERPORT.EXE.INTERMEDIATE.MANIFEST
C:\USERS\APPLECHANG\DESKTOP\IPC_WIN_PIPE\SERVERPORT\SERVERPORT\DEBUG\SERVERPORT.OBJ
C:\USERS\APPLECHANG\DESKTOP\IPC_WIN_PIPE\SERVERPORT\SERVERPORT\DEBUG\SERVERPORT.PCH
C:\USERS\APPLECHANG\DESKTOP\IPC_WIN_PIPE\SERVERPORT\SERVERPORT\DEBUG\SERVERPORT.RES
C:\Users\applechang\Desktop\ipc_win_pipe\ServerPort\ServerPort\Debug\ServerPort.vcxprojResolveAssemblyReference.cache
C:\Users\applechang\Desktop\ipc_win_pipe\ServerPort\ServerPort\Debug\ServerPort.write.1.tlog
C:\Users\applechang\Desktop\ipc_win_pipe\ServerPort\ServerPort\Debug\ServerPort_manifest.rc
C:\USERS\APPLECHANG\DESKTOP\IPC_WIN_PIPE\SERVERPORT\SERVERPORT\DEBUG\SERVERPORTDLG.OBJ
C:\USERS\APPLECHANG\DESKTOP\IPC_WIN_PIPE\SERVERPORT\SERVERPORT\DEBUG\STDAFX.OBJ
C:\USERS\APPLECHANG\DESKTOP\IPC_WIN_PIPE\SERVERPORT\SERVERPORT\DEBUG\TEST_MESSAGES.OBJ
C:\Users\applechang\Desktop\ipc_win_pipe\ServerPort\ServerPort\Debug\vc100.idb
C:\USERS\APPLECHANG\DESKTOP\IPC_WIN_PIPE\SERVERPORT\SERVERPORT\DEBUG\VC100.PDB
