C:\USERS\APPLECHANG\DESKTOP\IPC_WIN_PIPE\SERVERPORT\BASE\BASE_I.C
C:\USERS\APPLECHANG\DESKTOP\IPC_WIN_PIPE\SERVERPORT\BASE\BASE_I.H
C:\USERS\APPLECHANG\DESKTOP\IPC_WIN_PIPE\SERVERPORT\BASE\DEBUG\BASE.DLL.EMBED.MANIFEST
C:\USERS\APPLECHANG\DESKTOP\IPC_WIN_PIPE\SERVERPORT\BASE\DEBUG\BASE.DLL.EMBED.MANIFEST.RES
C:\USERS\APPLECHANG\DESKTOP\IPC_WIN_PIPE\SERVERPORT\BASE\DEBUG\BASE.DLL.INTERMEDIATE.MANIFEST
C:\USERS\APPLECHANG\DESKTOP\IPC_WIN_PIPE\SERVERPORT\BASE\DEBUG\BASE.OBJ
C:\USERS\APPLECHANG\DESKTOP\IPC_WIN_PIPE\SERVERPORT\BASE\DEBUG\BASE.PCH
C:\USERS\APPLECHANG\DESKTOP\IPC_WIN_PIPE\SERVERPORT\BASE\DEBUG\BASE.RES
C:\USERS\APPLECHANG\DESKTOP\IPC_WIN_PIPE\SERVERPORT\BASE\DEBUG\BASE.TLB
C:\Users\applechang\Desktop\ipc_win_pipe\ServerPort\base\Debug\base.write.1.tlog
C:\USERS\APPLECHANG\DESKTOP\IPC_WIN_PIPE\SERVERPORT\BASE\DEBUG\BASE_I.OBJ
C:\Users\applechang\Desktop\ipc_win_pipe\ServerPort\base\Debug\base_manifest.rc
C:\Users\applechang\Desktop\ipc_win_pipe\ServerPort\base\Debug\cl.command.1.tlog
C:\Users\applechang\Desktop\ipc_win_pipe\ServerPort\base\Debug\CL.read.1.tlog
C:\Users\applechang\Desktop\ipc_win_pipe\ServerPort\base\Debug\CL.write.1.tlog
C:\USERS\APPLECHANG\DESKTOP\IPC_WIN_PIPE\SERVERPORT\BASE\DEBUG\DLLMAIN.OBJ
C:\Users\applechang\Desktop\ipc_win_pipe\ServerPort\base\Debug\link.command.1.tlog
C:\Users\applechang\Desktop\ipc_win_pipe\ServerPort\base\Debug\link.read.1.tlog
C:\Users\applechang\Desktop\ipc_win_pipe\ServerPort\base\Debug\link.write.1.tlog
C:\Users\applechang\Desktop\ipc_win_pipe\ServerPort\base\Debug\link-cvtres.read.1.tlog
C:\Users\applechang\Desktop\ipc_win_pipe\ServerPort\base\Debug\link-cvtres.write.1.tlog
C:\Users\applechang\Desktop\ipc_win_pipe\ServerPort\base\Debug\midl.command.1.tlog
C:\Users\applechang\Desktop\ipc_win_pipe\ServerPort\base\Debug\midl.read.1.tlog
C:\Users\applechang\Desktop\ipc_win_pipe\ServerPort\base\Debug\midl.write.1.tlog
C:\Users\applechang\Desktop\ipc_win_pipe\ServerPort\base\Debug\midl-midlc.read.1.tlog
C:\Users\applechang\Desktop\ipc_win_pipe\ServerPort\base\Debug\midl-midlc.write.1.tlog
C:\Users\applechang\Desktop\ipc_win_pipe\ServerPort\base\Debug\midl-midlc-cl.read.1.tlog
C:\Users\applechang\Desktop\ipc_win_pipe\ServerPort\base\Debug\mt.command.1.tlog
C:\Users\applechang\Desktop\ipc_win_pipe\ServerPort\base\Debug\mt.read.1.tlog
C:\Users\applechang\Desktop\ipc_win_pipe\ServerPort\base\Debug\mt.write.1.tlog
C:\Users\applechang\Desktop\ipc_win_pipe\ServerPort\base\Debug\rc.command.1.tlog
C:\Users\applechang\Desktop\ipc_win_pipe\ServerPort\base\Debug\rc.read.1.tlog
C:\Users\applechang\Desktop\ipc_win_pipe\ServerPort\base\Debug\rc.write.1.tlog
C:\USERS\APPLECHANG\DESKTOP\IPC_WIN_PIPE\SERVERPORT\BASE\DEBUG\STDAFX.OBJ
C:\Users\applechang\Desktop\ipc_win_pipe\ServerPort\base\Debug\vc100.idb
C:\USERS\APPLECHANG\DESKTOP\IPC_WIN_PIPE\SERVERPORT\BASE\DEBUG\VC100.PDB
C:\USERS\APPLECHANG\DESKTOP\IPC_WIN_PIPE\SERVERPORT\DEBUG\BASE.DLL
C:\Users\applechang\Desktop\ipc_win_pipe\ServerPort\Debug\base.exp
C:\USERS\APPLECHANG\DESKTOP\IPC_WIN_PIPE\SERVERPORT\DEBUG\BASE.ILK
C:\Users\applechang\Desktop\ipc_win_pipe\ServerPort\Debug\base.lib
C:\USERS\APPLECHANG\DESKTOP\IPC_WIN_PIPE\SERVERPORT\DEBUG\BASE.PDB
